<?xml version="1.0" encoding="UTF-8"?>
<testng-results ignored="0" total="6" passed="6" failed="0" skipped="0">
  <reporter-output>
  </reporter-output>
  <suite started-at="2023-09-07T09:35:30 EET" name="swaglabDemo" finished-at="2023-09-07T09:35:55 EET" duration-ms="24561">
    <groups>
    </groups>
    <test started-at="2023-09-07T09:35:30 EET" name="Nopackage" finished-at="2023-09-07T09:35:55 EET" duration-ms="24561">
      <class name="Tests.End2EndScenairo.TC02_CheckOutScenairoTest">
        <test-method is-config="true" signature="OpenBroswer(java.lang.String)[pri:0, instance:Tests.End2EndScenairo.TC02_CheckOutScenairoTest@2034b64c]" started-at="2023-09-07T09:35:30 EET" name="OpenBroswer" finished-at="2023-09-07T09:35:42 EET" duration-ms="11812" status="PASS">
          <params>
            <param index="0">
              <value>
                <![CDATA[chrome]]>
              </value>
            </param>
          </params>
          <reporter-output>
          </reporter-output>
        </test-method> <!-- OpenBroswer -->
        <test-method signature="validLogin()[pri:1, instance:Tests.End2EndScenairo.TC02_CheckOutScenairoTest@2034b64c]" started-at="2023-09-07T09:35:42 EET" name="validLogin" finished-at="2023-09-07T09:35:44 EET" duration-ms="1816" status="PASS">
          <reporter-output>
          </reporter-output>
        </test-method> <!-- validLogin -->
        <test-method is-config="true" signature="screenShotFailure(org.testng.ITestResult)[pri:0, instance:Tests.End2EndScenairo.TC02_CheckOutScenairoTest@2034b64c]" started-at="2023-09-07T09:35:44 EET" name="screenShotFailure" finished-at="2023-09-07T09:35:44 EET" duration-ms="2" status="PASS">
          <params>
            <param index="0">
              <value>
                <![CDATA[[TestResult name=validLogin status=SUCCESS method=TC02_CheckOutScenairoTest.validLogin()[pri:1, instance:Tests.End2EndScenairo.TC02_CheckOutScenairoTest@2034b64c] output={null}]]]>
              </value>
            </param>
          </params>
          <reporter-output>
          </reporter-output>
        </test-method> <!-- screenShotFailure -->
        <test-method signature="addToCart()[pri:2, instance:Tests.End2EndScenairo.TC02_CheckOutScenairoTest@2034b64c]" started-at="2023-09-07T09:35:44 EET" name="addToCart" finished-at="2023-09-07T09:35:45 EET" duration-ms="402" status="PASS">
          <reporter-output>
          </reporter-output>
        </test-method> <!-- addToCart -->
        <test-method is-config="true" signature="screenShotFailure(org.testng.ITestResult)[pri:0, instance:Tests.End2EndScenairo.TC02_CheckOutScenairoTest@2034b64c]" started-at="2023-09-07T09:35:45 EET" name="screenShotFailure" finished-at="2023-09-07T09:35:45 EET" duration-ms="1" status="PASS">
          <params>
            <param index="0">
              <value>
                <![CDATA[[TestResult name=addToCart status=SUCCESS method=TC02_CheckOutScenairoTest.addToCart()[pri:2, instance:Tests.End2EndScenairo.TC02_CheckOutScenairoTest@2034b64c] output={null}]]]>
              </value>
            </param>
          </params>
          <reporter-output>
          </reporter-output>
        </test-method> <!-- screenShotFailure -->
        <test-method signature="CheckCart()[pri:3, instance:Tests.End2EndScenairo.TC02_CheckOutScenairoTest@2034b64c]" started-at="2023-09-07T09:35:45 EET" name="CheckCart" finished-at="2023-09-07T09:35:45 EET" duration-ms="169" status="PASS">
          <reporter-output>
          </reporter-output>
        </test-method> <!-- CheckCart -->
        <test-method is-config="true" signature="screenShotFailure(org.testng.ITestResult)[pri:0, instance:Tests.End2EndScenairo.TC02_CheckOutScenairoTest@2034b64c]" started-at="2023-09-07T09:35:45 EET" name="screenShotFailure" finished-at="2023-09-07T09:35:45 EET" duration-ms="1" status="PASS">
          <params>
            <param index="0">
              <value>
                <![CDATA[[TestResult name=CheckCart status=SUCCESS method=TC02_CheckOutScenairoTest.CheckCart()[pri:3, instance:Tests.End2EndScenairo.TC02_CheckOutScenairoTest@2034b64c] output={null}]]]>
              </value>
            </param>
          </params>
          <reporter-output>
          </reporter-output>
        </test-method> <!-- screenShotFailure -->
        <test-method signature="CheckOutInfo()[pri:4, instance:Tests.End2EndScenairo.TC02_CheckOutScenairoTest@2034b64c]" started-at="2023-09-07T09:35:45 EET" name="CheckOutInfo" finished-at="2023-09-07T09:35:49 EET" duration-ms="4148" status="PASS">
          <reporter-output>
          </reporter-output>
        </test-method> <!-- CheckOutInfo -->
        <test-method is-config="true" signature="screenShotFailure(org.testng.ITestResult)[pri:0, instance:Tests.End2EndScenairo.TC02_CheckOutScenairoTest@2034b64c]" started-at="2023-09-07T09:35:49 EET" name="screenShotFailure" finished-at="2023-09-07T09:35:49 EET" duration-ms="2" status="PASS">
          <params>
            <param index="0">
              <value>
                <![CDATA[[TestResult name=CheckOutInfo status=SUCCESS method=TC02_CheckOutScenairoTest.CheckOutInfo()[pri:4, instance:Tests.End2EndScenairo.TC02_CheckOutScenairoTest@2034b64c] output={null}]]]>
              </value>
            </param>
          </params>
          <reporter-output>
          </reporter-output>
        </test-method> <!-- screenShotFailure -->
        <test-method signature="CheckOutOverView()[pri:5, instance:Tests.End2EndScenairo.TC02_CheckOutScenairoTest@2034b64c]" started-at="2023-09-07T09:35:49 EET" name="CheckOutOverView" finished-at="2023-09-07T09:35:49 EET" duration-ms="106" status="PASS">
          <reporter-output>
          </reporter-output>
        </test-method> <!-- CheckOutOverView -->
        <test-method is-config="true" signature="screenShotFailure(org.testng.ITestResult)[pri:0, instance:Tests.End2EndScenairo.TC02_CheckOutScenairoTest@2034b64c]" started-at="2023-09-07T09:35:49 EET" name="screenShotFailure" finished-at="2023-09-07T09:35:49 EET" duration-ms="1" status="PASS">
          <params>
            <param index="0">
              <value>
                <![CDATA[[TestResult name=CheckOutOverView status=SUCCESS method=TC02_CheckOutScenairoTest.CheckOutOverView()[pri:5, instance:Tests.End2EndScenairo.TC02_CheckOutScenairoTest@2034b64c] output={null}]]]>
              </value>
            </param>
          </params>
          <reporter-output>
          </reporter-output>
        </test-method> <!-- screenShotFailure -->
        <test-method signature="CheckOutComplete()[pri:6, instance:Tests.End2EndScenairo.TC02_CheckOutScenairoTest@2034b64c]" started-at="2023-09-07T09:35:49 EET" name="CheckOutComplete" finished-at="2023-09-07T09:35:51 EET" duration-ms="2236" status="PASS">
          <reporter-output>
          </reporter-output>
        </test-method> <!-- CheckOutComplete -->
        <test-method is-config="true" signature="screenShotFailure(org.testng.ITestResult)[pri:0, instance:Tests.End2EndScenairo.TC02_CheckOutScenairoTest@2034b64c]" started-at="2023-09-07T09:35:51 EET" name="screenShotFailure" finished-at="2023-09-07T09:35:51 EET" duration-ms="1" status="PASS">
          <params>
            <param index="0">
              <value>
                <![CDATA[[TestResult name=CheckOutComplete status=SUCCESS method=TC02_CheckOutScenairoTest.CheckOutComplete()[pri:6, instance:Tests.End2EndScenairo.TC02_CheckOutScenairoTest@2034b64c] output={null}]]]>
              </value>
            </param>
          </params>
          <reporter-output>
          </reporter-output>
        </test-method> <!-- screenShotFailure -->
        <test-method is-config="true" signature="QuitBroswer()[pri:0, instance:Tests.End2EndScenairo.TC02_CheckOutScenairoTest@2034b64c]" started-at="2023-09-07T09:35:51 EET" name="QuitBroswer" finished-at="2023-09-07T09:35:55 EET" duration-ms="3677" status="PASS">
          <reporter-output>
          </reporter-output>
        </test-method> <!-- QuitBroswer -->
      </class> <!-- Tests.End2EndScenairo.TC02_CheckOutScenairoTest -->
    </test> <!-- Nopackage -->
  </suite> <!-- swaglabDemo -->
</testng-results>
