<?xml version="1.0" encoding="UTF-8"?>
<testng-results ignored="0" total="3" passed="3" failed="0" skipped="0">
  <reporter-output>
  </reporter-output>
  <suite started-at="2023-08-16T06:57:08 EET" name="swaglabDemo" finished-at="2023-08-16T06:57:45 EET" duration-ms="37880">
    <groups>
    </groups>
    <test started-at="2023-08-16T06:57:08 EET" name="Nopackage" finished-at="2023-08-16T06:57:45 EET" duration-ms="37880">
      <class name="Tests.Login.TC01_LoginTest">
        <test-method is-config="true" signature="OpenBroswer(java.lang.String)[pri:0, instance:Tests.Login.TC01_LoginTest@2034b64c]" started-at="2023-08-16T06:57:22 EET" name="OpenBroswer" finished-at="2023-08-16T06:57:40 EET" duration-ms="18280" status="PASS">
          <params>
            <param index="0">
              <value>
                <![CDATA[chrome]]>
              </value>
            </param>
          </params>
          <reporter-output>
          </reporter-output>
        </test-method> <!-- OpenBroswer -->
        <test-method signature="validLogin()[pri:0, instance:Tests.Login.TC01_LoginTest@2034b64c]" started-at="2023-08-16T06:57:40 EET" name="validLogin" finished-at="2023-08-16T06:57:41 EET" duration-ms="452" status="PASS">
          <reporter-output>
          </reporter-output>
        </test-method> <!-- validLogin -->
        <test-method is-config="true" signature="screenShotFailure(org.testng.ITestResult)[pri:0, instance:Tests.Login.TC01_LoginTest@2034b64c]" started-at="2023-08-16T06:57:41 EET" name="screenShotFailure" finished-at="2023-08-16T06:57:41 EET" duration-ms="2" status="PASS">
          <params>
            <param index="0">
              <value>
                <![CDATA[[TestResult name=validLogin status=SUCCESS method=TC01_LoginTest.validLogin()[pri:0, instance:Tests.Login.TC01_LoginTest@2034b64c] output={null}]]]>
              </value>
            </param>
          </params>
          <reporter-output>
          </reporter-output>
        </test-method> <!-- screenShotFailure -->
        <test-method signature="LogOuT()[pri:0, instance:Tests.Login.TC01_LoginTest@2034b64c]" started-at="2023-08-16T06:57:41 EET" name="LogOuT" finished-at="2023-08-16T06:57:42 EET" depends-on-methods="Tests.Login.TC01_LoginTest.validLogin" duration-ms="1188" status="PASS">
          <reporter-output>
          </reporter-output>
        </test-method> <!-- LogOuT -->
        <test-method is-config="true" signature="screenShotFailure(org.testng.ITestResult)[pri:0, instance:Tests.Login.TC01_LoginTest@2034b64c]" started-at="2023-08-16T06:57:42 EET" name="screenShotFailure" finished-at="2023-08-16T06:57:42 EET" duration-ms="1" status="PASS">
          <params>
            <param index="0">
              <value>
                <![CDATA[[TestResult name=LogOuT status=SUCCESS method=TC01_LoginTest.LogOuT()[pri:0, instance:Tests.Login.TC01_LoginTest@2034b64c] output={null}]]]>
              </value>
            </param>
          </params>
          <reporter-output>
          </reporter-output>
        </test-method> <!-- screenShotFailure -->
        <test-method is-config="true" signature="QuitBroswer()[pri:0, instance:Tests.Login.TC01_LoginTest@2034b64c]" started-at="2023-08-16T06:57:42 EET" name="QuitBroswer" finished-at="2023-08-16T06:57:45 EET" duration-ms="3350" status="PASS">
          <reporter-output>
          </reporter-output>
        </test-method> <!-- QuitBroswer -->
      </class> <!-- Tests.Login.TC01_LoginTest -->
      <class name="Tests.Login.TC01_2_invalidLoginTest">
        <test-method is-config="true" signature="OpenBroswer(java.lang.String)[pri:0, instance:Tests.Login.TC01_2_invalidLoginTest@53045c6c]" started-at="2023-08-16T06:57:08 EET" name="OpenBroswer" finished-at="2023-08-16T06:57:18 EET" duration-ms="10317" status="PASS">
          <params>
            <param index="0">
              <value>
                <![CDATA[chrome]]>
              </value>
            </param>
          </params>
          <reporter-output>
          </reporter-output>
        </test-method> <!-- OpenBroswer -->
        <test-method signature="invalidLogin()[pri:0, instance:Tests.Login.TC01_2_invalidLoginTest@53045c6c]" started-at="2023-08-16T06:57:18 EET" name="invalidLogin" finished-at="2023-08-16T06:57:18 EET" duration-ms="441" status="PASS">
          <reporter-output>
          </reporter-output>
        </test-method> <!-- invalidLogin -->
        <test-method is-config="true" signature="screenShotFailure(org.testng.ITestResult)[pri:0, instance:Tests.Login.TC01_2_invalidLoginTest@53045c6c]" started-at="2023-08-16T06:57:18 EET" name="screenShotFailure" finished-at="2023-08-16T06:57:18 EET" duration-ms="2" status="PASS">
          <params>
            <param index="0">
              <value>
                <![CDATA[[TestResult name=invalidLogin status=SUCCESS method=TC01_2_invalidLoginTest.invalidLogin()[pri:0, instance:Tests.Login.TC01_2_invalidLoginTest@53045c6c] output={null}]]]>
              </value>
            </param>
          </params>
          <reporter-output>
          </reporter-output>
        </test-method> <!-- screenShotFailure -->
        <test-method is-config="true" signature="QuitBroswer()[pri:0, instance:Tests.Login.TC01_2_invalidLoginTest@53045c6c]" started-at="2023-08-16T06:57:18 EET" name="QuitBroswer" finished-at="2023-08-16T06:57:22 EET" duration-ms="3686" status="PASS">
          <reporter-output>
          </reporter-output>
        </test-method> <!-- QuitBroswer -->
      </class> <!-- Tests.Login.TC01_2_invalidLoginTest -->
    </test> <!-- Nopackage -->
  </suite> <!-- swaglabDemo -->
</testng-results>
