<?xml version="1.0" encoding="UTF-8"?>
<!-- Generated by org.testng.reporters.JUnitXMLReporter -->
<testsuite ignored="0" hostname="DESKTOP-R724U4A" failures="0" tests="6" name="Nopackage" time="24.561" errors="0" timestamp="2023-09-07T09:35:55 EET">
  <testcase classname="Tests.End2EndScenairo.TC02_CheckOutScenairoTest" name="validLogin" time="1.816"/>
  <testcase classname="Tests.End2EndScenairo.TC02_CheckOutScenairoTest" name="addToCart" time="0.402"/>
  <testcase classname="Tests.End2EndScenairo.TC02_CheckOutScenairoTest" name="CheckCart" time="0.169"/>
  <testcase classname="Tests.End2EndScenairo.TC02_CheckOutScenairoTest" name="CheckOutInfo" time="4.148"/>
  <testcase classname="Tests.End2EndScenairo.TC02_CheckOutScenairoTest" name="CheckOutOverView" time="0.106"/>
  <testcase classname="Tests.End2EndScenairo.TC02_CheckOutScenairoTest" name="CheckOutComplete" time="2.236"/>
</testsuite> <!-- Nopackage -->
