<?xml version="1.0" encoding="UTF-8"?>
<!-- Generated by org.testng.reporters.JUnitXMLReporter -->
<testsuite ignored="0" hostname="DESKTOP-R724U4A" failures="0" tests="3" name="Nopackage" time="37.88" errors="0" timestamp="2023-08-16T06:57:45 EET">
  <testcase classname="Tests.Login.TC01_2_invalidLoginTest" name="invalidLogin" time="0.441"/>
  <testcase classname="Tests.Login.TC01_LoginTest" name="validLogin" time="0.452"/>
  <testcase classname="Tests.Login.TC01_LoginTest" name="LogOuT" time="1.188"/>
</testsuite> <!-- Nopackage -->
